<testsuite failures="0" name="src/test/java/ userDetails.feature" skipped="0" tests="2" time="0.561974">
  <testcase classname="src.test.java. userDetails" name="testing the get call for User Details" time="0.439398">
    <system-out>Given url 'https://reqres.in/api/users/2' ................................. passed
When method GET ........................................................... passed
Then status 200 ........................................................... passed</system-out>
  </testcase>
  <testcase classname="src.test.java. userDetails" name="testing the get call for User Details" time="0.122576">
    <system-out>Given url 'https://reqres.in/api/users/2' ................................. passed
When method GET ........................................................... passed
Then status 200 ........................................................... passed
Given url 'https://reqres.in/api/users/100' ............................... passed
When method GET ........................................................... passed
Then status 404 ........................................................... passed</system-out>
  </testcase>
</testsuite>
